[34m2024-11-15 23:13:46,914 - asyncio - DEBUG - Using selector: EpollSelector[0m
[32m2024-11-15 23:13:46,915 - discord.client - INFO - logging in using static token[0m
[32m2024-11-15 23:13:50,209 - discord.gateway - INFO - Shard ID None has connected to Gateway (Session ID: d3d69da739156db2311f7159018ae6b1).[0m
[32m2024-11-15 23:13:52,219 - __main__ - INFO - Logged in as Apollo (1306689830629146644)[0m
[32m2024-11-15 23:13:52,227 - __main__ - INFO - Loaded cog: ping.py[0m
[32m2024-11-15 23:13:52,232 - __main__ - INFO - Loaded cog: sayhi.py[0m
[32m2024-11-15 23:13:52,864 - __main__ - INFO - Loaded cog: music.py[0m
[32m2024-11-15 23:14:22,874 - __main__ - INFO - Commands synced globally.[0m
[32m2024-11-15 23:15:39,466 - discord.voice_client - INFO - Connecting to voice...[0m
[32m2024-11-15 23:15:39,467 - discord.voice_client - INFO - Starting voice handshake... (connection attempt 1)[0m
[32m2024-11-15 23:15:39,950 - discord.voice_client - INFO - Voice handshake complete. Endpoint found madrid4790.discord.media[0m
[31m2024-11-15 23:15:47,184 - discord.app_commands.tree - ERROR - Ignoring exception in command 'join'[0m
Traceback (most recent call last):
  File "/home/pyguy/Documents/Apollo/cogs/music.py", line 53, in join
    await interaction.response.send_message("Joined the voice channel!")
  File "/home/pyguy/Documents/Apollo/.venv/lib/python3.10/site-packages/discord/interactions.py", line 778, in send_message
    await adapter.create_interaction_response(
  File "/home/pyguy/Documents/Apollo/.venv/lib/python3.10/site-packages/discord/webhook/async_.py", line 219, in request
    raise NotFound(response, data)
discord.errors.NotFound: 404 Not Found (error code: 10062): Unknown interaction

During handling of the above exception, another exception occurred:

Traceback (most recent call last):
  File "/home/pyguy/Documents/Apollo/.venv/lib/python3.10/site-packages/discord/app_commands/commands.py", line 841, in _do_call
    return await self._callback(self.binding, interaction, **params)  # type: ignore
  File "/home/pyguy/Documents/Apollo/cogs/music.py", line 60, in join
    await interaction.response.send_message("An error occurred while trying to join the voice channel.")
  File "/home/pyguy/Documents/Apollo/.venv/lib/python3.10/site-packages/discord/interactions.py", line 778, in send_message
    await adapter.create_interaction_response(
  File "/home/pyguy/Documents/Apollo/.venv/lib/python3.10/site-packages/discord/webhook/async_.py", line 219, in request
    raise NotFound(response, data)
discord.errors.NotFound: 404 Not Found (error code: 10062): Unknown interaction

The above exception was the direct cause of the following exception:

Traceback (most recent call last):
  File "/home/pyguy/Documents/Apollo/.venv/lib/python3.10/site-packages/discord/app_commands/tree.py", line 1248, in _call
    await command._invoke_with_namespace(interaction, namespace)
  File "/home/pyguy/Documents/Apollo/.venv/lib/python3.10/site-packages/discord/app_commands/commands.py", line 867, in _invoke_with_namespace
    return await self._do_call(interaction, transformed_values)
  File "/home/pyguy/Documents/Apollo/.venv/lib/python3.10/site-packages/discord/app_commands/commands.py", line 860, in _do_call
    raise CommandInvokeError(self, e) from e
discord.app_commands.errors.CommandInvokeError: Command 'join' raised an exception: NotFound: 404 Not Found (error code: 10062): Unknown interaction
[32m2024-11-15 23:16:53,609 - cogs.music - INFO - Playing audio stream from URL: https://rr1---sn-5pguxaob-5c8l.googlevideo.com/videoplayback?expire=1731730607&ei=T8g3Z8KCOcHGp-oP8_PWuQk&ip=105.112.224.180&id=o-AOEhzWjwsITggCPOQXJTxbDcUQ6m96IVGAYAosAhUCb_&itag=251&source=youtube&requiressl=yes&xpc=EgVo2aDSNQ%3D%3D&met=1731709007%2C&mh=r7&mm=31%2C29&mn=sn-5pguxaob-5c8l%2Csn-aigl6nsr&ms=au%2Crdu&mv=m&mvi=1&pl=24&rms=au%2Cau&gcr=ng&initcwndbps=91250&spc=qtApAfBcpni0VhBCdX_7H4j68AAsDjjC2h-rius7Zj5u6Mc&vprv=1&svpuc=1&mime=audio%2Fwebm&rqh=1&gir=yes&clen=3220060&dur=206.341&lmt=1714913232841998&mt=1731708567&fvip=1&keepalive=yes&fexp=51299154%2C51312688%2C51326932&c=IOS&txp=2318224&sparams=expire%2Cei%2Cip%2Cid%2Citag%2Csource%2Crequiressl%2Cxpc%2Cgcr%2Cspc%2Cvprv%2Csvpuc%2Cmime%2Crqh%2Cgir%2Cclen%2Cdur%2Clmt&sig=AJfQdSswRQIgVEoIejIX0yFjhSgsIIour21lJ5JPA0jWdFXsIfFCB1ACIQCB0zLLRvee8vxgLETHkKEv8uqWpcvYlm19zu8VZwf3_g%3D%3D&lsparams=met%2Cmh%2Cmm%2Cmn%2Cms%2Cmv%2Cmvi%2Cpl%2Crms%2Cinitcwndbps&lsig=AGluJ3MwRQIhAObqPi9w95WcfIGUwtapYAr4ClcDoDRSisWbW_wEYM8_AiAsnIuoTrMvyMtMbizOZolL44vRLc1sXFUj-YqwY_rciw%3D%3D[0m
[32m2024-11-15 23:17:40,766 - cogs.music - INFO - Added to queue: https://rr1---sn-5pguxaob-5c8l.googlevideo.com/videoplayback?expire=1731730655&ei=f8g3Z6maKe3Rp-oP-JDpiQs&ip=105.112.224.180&id=o-ALuFcmK-f1YAZDyQH8a3Gnz5OV1TWrKXtpdmLIhSSctN&itag=251&source=youtube&requiressl=yes&xpc=EgVo2aDSNQ%3D%3D&met=1731709055%2C&mh=cR&mm=31%2C29&mn=sn-5pguxaob-5c8l%2Csn-aigl6nsr&ms=au%2Crdu&mv=m&mvi=1&pl=24&rms=au%2Cau&initcwndbps=91250&spc=qtApAbZ-P3OWYHfHKcoV0U1KKpcGflTboPXNVEk-vBEwTBY&vprv=1&svpuc=1&mime=audio%2Fwebm&rqh=1&gir=yes&clen=2310622&dur=135.061&lmt=1714902109191748&mt=1731708567&fvip=2&keepalive=yes&fexp=51299154%2C51312688%2C51326932&c=IOS&txp=4502434&sparams=expire%2Cei%2Cip%2Cid%2Citag%2Csource%2Crequiressl%2Cxpc%2Cspc%2Cvprv%2Csvpuc%2Cmime%2Crqh%2Cgir%2Cclen%2Cdur%2Clmt&sig=AJfQdSswRQIhAIyVFZwE3UmeqFVJMgE5GpUg68-qChNfBLeCJZRh2fimAiA-mkrER4xF3CdTu-KyE38i8_FckMRsvJznYHJVw9s2aA%3D%3D&lsparams=met%2Cmh%2Cmm%2Cmn%2Cms%2Cmv%2Cmvi%2Cpl%2Crms%2Cinitcwndbps&lsig=AGluJ3MwRQIgDoZePblDtC6Q5ul7P3wAM4dTVliS-QnPrl71pPcXvcoCIQCGEa_KD_wIMQSY_9YKvUu1NjG2zrxfS05y49bvsNBGWQ%3D%3D[0m
[32m2024-11-15 23:17:48,844 - cogs.music - INFO - Displayed the current queue.[0m
[32m2024-11-15 23:20:19,517 - discord.player - INFO - ffmpeg process 12538 successfully terminated with return code of 0.[0m
[32m2024-11-15 23:21:44,777 - cogs.music - INFO - Displayed the current queue.[0m
[32m2024-11-15 23:22:07,752 - cogs.music - INFO - Playing audio stream from URL: https://rr1---sn-5pguxaob-5c8l.googlevideo.com/videoplayback?expire=1731730922&ei=isk3Z9Jx-sCYsA-U_bywBQ&ip=105.112.224.180&id=o-ALbAghCq5Y33tasOUgLXpVB-bRH5IrZsNGgYpuMrBung&itag=251&source=youtube&requiressl=yes&xpc=EgVo2aDSNQ%3D%3D&met=1731709322%2C&mh=bH&mm=31%2C29&mn=sn-5pguxaob-5c8l%2Csn-aigl6nzs&ms=au%2Crdu&mv=m&mvi=1&pl=24&rms=au%2Cau&initcwndbps=101250&spc=qtApAfy6twiNC8RtIhnblBYSKFiiDb_ijDjbMPOFetXBS1o&vprv=1&svpuc=1&mime=audio%2Fwebm&rqh=1&gir=yes&clen=2590494&dur=151.301&lmt=1714514526645027&mt=1731709045&fvip=5&keepalive=yes&fexp=51299154%2C51312688%2C51326932&c=IOS&txp=4502434&sparams=expire%2Cei%2Cip%2Cid%2Citag%2Csource%2Crequiressl%2Cxpc%2Cspc%2Cvprv%2Csvpuc%2Cmime%2Crqh%2Cgir%2Cclen%2Cdur%2Clmt&sig=AJfQdSswRQIgOudiKqAyUP8eGLmrVb6Hck1PBi3WmZQVvsGMgMBHzKcCIQCUYzNGwcojDj-im_o0ZUHhlnHh3dCU0SI-Vwv8s3aklg%3D%3D&lsparams=met%2Cmh%2Cmm%2Cmn%2Cms%2Cmv%2Cmvi%2Cpl%2Crms%2Cinitcwndbps&lsig=AGluJ3MwRQIhAInhgtTIYLgXAOHJ62fbBTjwgy_qtpk7hkYZ2QSF9bcJAiAGB_Xk9PGAkpG_RkrovUAA4rG5uHOpK-nOZ9KC-iBPcA%3D%3D[0m
[32m2024-11-15 23:22:41,348 - cogs.music - INFO - Added to queue: https://rr2---sn-5pguxaob-5c8e.googlevideo.com/videoplayback?expire=1731730955&ei=q8k3Z9G1Eoqlp-oP17HS2A8&ip=105.112.224.180&id=o-AEpwXriPHEffAOGdLNV9h029vM2NdUu79qzPh8JsjqSK&itag=251&source=youtube&requiressl=yes&xpc=EgVo2aDSNQ%3D%3D&met=1731709355%2C&mh=hZ&mm=31%2C29&mn=sn-5pguxaob-5c8e%2Csn-aigl6nz7&ms=au%2Crdu&mv=m&mvi=2&pl=24&rms=au%2Cau&initcwndbps=85000&spc=qtApAea25561KWHzDBNKFjTlDmQLxkwsyPVcpSbWnhlIHQs&vprv=1&svpuc=1&mime=audio%2Fwebm&rqh=1&gir=yes&clen=1638855&dur=101.981&lmt=1714891435681090&mt=1731708802&fvip=4&keepalive=yes&fexp=51299154%2C51312688%2C51326932&c=IOS&txp=5318224&sparams=expire%2Cei%2Cip%2Cid%2Citag%2Csource%2Crequiressl%2Cxpc%2Cspc%2Cvprv%2Csvpuc%2Cmime%2Crqh%2Cgir%2Cclen%2Cdur%2Clmt&sig=AJfQdSswRgIhAMnJeJHbBmUC95mZ8gIcwBLMA3AzniMxQI9ogRU34CN7AiEA3L34OtPiJPmGbBfMVEk2lZGYF1t_uJyh6P8dOlOiNxw%3D&lsparams=met%2Cmh%2Cmm%2Cmn%2Cms%2Cmv%2Cmvi%2Cpl%2Crms%2Cinitcwndbps&lsig=AGluJ3MwRQIgfFWa3CnNaQ_bv4_-GukscSFDR3z96xbC03gckwL1Va8CIQDmzz9ucLkB95_az8CsevlXFORnsOklT20kLZAYRiX-8Q%3D%3D[0m
[31m2024-11-15 23:22:52,256 - cogs.music - ERROR - Failed to display queue: 400 Bad Request (error code: 50035): Invalid Form Body
In data.content: Must be 2000 or fewer in length.[0m
[31m2024-11-15 23:23:03,165 - cogs.music - ERROR - Failed to display queue: 400 Bad Request (error code: 50035): Invalid Form Body
In data.content: Must be 2000 or fewer in length.[0m
[32m2024-11-15 23:24:38,634 - discord.player - INFO - ffmpeg process 12823 successfully terminated with return code of 0.[0m
[32m2024-11-15 23:34:05,559 - discord.voice_client - INFO - The voice handshake is being terminated for Channel ID 1303088062049419360 (Guild ID 1303088062049419356)[0m
